# JRE version: OpenJDK Runtime Environment Microsoft-8035246 (17.0.8+7) (build 17.0.8+7-LTS)
# Java VM: OpenJDK 64-Bit Server VM Microsoft-8035246 (17.0.8+7-LTS, mixed mode, sharing, tiered, compressed oops, compressed class ptrs, g1 gc, windows-amd64)
GC Precious Log:
 CPUs: 8 total, 8 available
 Memory: 16221M
 Large Page Support: Disabled
 NUMA Support: Disabled
 Compressed Oops: Enabled (32-bit)
 Heap Region Size: 1M
 Heap Min Capacity: 8M
 Heap Initial Capacity: 254M
 Heap Max Capacity: 2G
 Pre-touch: Disabled
 Parallel Workers: 8
 Concurrent Workers: 2
 Concurrent Refinement Workers: 8
 Periodic GC: Disabled
Heap:
 garbage-first heap   total 286720K, used 185189K [0x0000000080000000, 0x0000000100000000)
  region size 1024K, 14 young (14336K), 8 survivors (8192K)
 Metaspace       used 100412K, committed 101568K, reserved 557056K
  class space    used 14036K, committed 14592K, reserved 425984K
GC Heap History (20 events):
Event: 30.185 GC heap before
{Heap before GC invocations=40 (full 0):
 garbage-first heap   total 143360K, used 116316K [0x0000000080000000, 0x0000000100000000)
  region size 1024K, 28 young (28672K), 1 survivors (1024K)
 Metaspace       used 72499K, committed 73280K, reserved 491520K
  class space    used 10127K, committed 10496K, reserved 425984K
}
Event: 30.190 GC heap after
{Heap after GC invocations=41 (full 0):
 garbage-first heap   total 286720K, used 90025K [0x0000000080000000, 0x0000000100000000)
  region size 1024K, 3 young (3072K), 3 survivors (3072K)
 Metaspace       used 72499K, committed 73280K, reserved 491520K
  class space    used 10127K, committed 10496K, reserved 425984K
}
Event: 40.552 GC heap before
{Heap before GC invocations=42 (full 0):
 garbage-first heap   total 286720K, used 195497K [0x0000000080000000, 0x0000000100000000)
  region size 1024K, 109 young (111616K), 3 survivors (3072K)
 Metaspace       used 77417K, committed 78144K, reserved 557056K
  class space    used 10784K, committed 11136K, reserved 425984K
}
Event: 40.561 GC heap after
{Heap after GC invocations=43 (full 0):
 garbage-first heap   total 286720K, used 92841K [0x0000000080000000, 0x0000000100000000)
  region size 1024K, 10 young (10240K), 10 survivors (10240K)
 Metaspace       used 77417K, committed 78144K, reserved 557056K
  class space    used 10784K, committed 11136K, reserved 425984K
}
Event: 40.628 GC heap before
{Heap before GC invocations=43 (full 0):
 garbage-first heap   total 286720K, used 96937K [0x0000000080000000, 0x0000000100000000)
  region size 1024K, 14 young (14336K), 10 survivors (10240K)
 Metaspace       used 77746K, committed 78528K, reserved 557056K
  class space    used 10833K, committed 11200K, reserved 425984K
}
Event: 40.637 GC heap after
{Heap after GC invocations=44 (full 0):
 garbage-first heap   total 286720K, used 93649K [0x0000000080000000, 0x0000000100000000)
  region size 1024K, 2 young (2048K), 2 survivors (2048K)
 Metaspace       used 77746K, committed 78528K, reserved 557056K
  class space    used 10833K, committed 11200K, reserved 425984K
}
Event: 42.502 GC heap before
{Heap before GC invocations=44 (full 0):
 garbage-first heap   total 286720K, used 206289K [0x0000000080000000, 0x0000000100000000)
  region size 1024K, 111 young (113664K), 2 survivors (2048K)
 Metaspace       used 85231K, committed 86016K, reserved 557056K
  class space    used 12041K, committed 12416K, reserved 425984K
}
Event: 42.508 GC heap after
{Heap after GC invocations=45 (full 0):
 garbage-first heap   total 286720K, used 96597K [0x0000000080000000, 0x0000000100000000)
  region size 1024K, 5 young (5120K), 5 survivors (5120K)
 Metaspace       used 85231K, committed 86016K, reserved 557056K
  class space    used 12041K, committed 12416K, reserved 425984K
}
Event: 45.549 GC heap before
{Heap before GC invocations=45 (full 0):
 garbage-first heap   total 286720K, used 211285K [0x0000000080000000, 0x0000000100000000)
  region size 1024K, 118 young (120832K), 5 survivors (5120K)
 Metaspace       used 89061K, committed 90048K, reserved 557056K
  class space    used 12585K, committed 13056K, reserved 425984K
}
Event: 45.570 GC heap after
{Heap after GC invocations=46 (full 0):
 garbage-first heap   total 286720K, used 113608K [0x0000000080000000, 0x0000000100000000)
  region size 1024K, 15 young (15360K), 15 survivors (15360K)
 Metaspace       used 89061K, committed 90048K, reserved 557056K
  class space    used 12585K, committed 13056K, reserved 425984K
}
Event: 48.763 GC heap before
{Heap before GC invocations=46 (full 0):
 garbage-first heap   total 286720K, used 223176K [0x0000000080000000, 0x0000000100000000)
  region size 1024K, 115 young (117760K), 15 survivors (15360K)
 Metaspace       used 91606K, committed 92608K, reserved 557056K
  class space    used 12845K, committed 13312K, reserved 425984K
}
Event: 48.797 GC heap after
{Heap after GC invocations=47 (full 0):
 garbage-first heap   total 286720K, used 146547K [0x0000000080000000, 0x0000000100000000)
  region size 1024K, 15 young (15360K), 15 survivors (15360K)
 Metaspace       used 91606K, committed 92608K, reserved 557056K
  class space    used 12845K, committed 13312K, reserved 425984K
}
Event: 51.124 GC heap before
{Heap before GC invocations=47 (full 0):
 garbage-first heap   total 286720K, used 220275K [0x0000000080000000, 0x0000000100000000)
  region size 1024K, 87 young (89088K), 15 survivors (15360K)
 Metaspace       used 96545K, committed 97664K, reserved 557056K
  class space    used 13554K, committed 14080K, reserved 425984K
}
Event: 51.139 GC heap after
{Heap after GC invocations=48 (full 0):
 garbage-first heap   total 286720K, used 155126K [0x0000000080000000, 0x0000000100000000)
  region size 1024K, 6 young (6144K), 6 survivors (6144K)
 Metaspace       used 96545K, committed 97664K, reserved 557056K
  class space    used 13554K, committed 14080K, reserved 425984K
}
Event: 53.076 GC heap before
{Heap before GC invocations=48 (full 0):
 garbage-first heap   total 286720K, used 226806K [0x0000000080000000, 0x0000000100000000)
  region size 1024K, 76 young (77824K), 6 survivors (6144K)
 Metaspace       used 98388K, committed 99584K, reserved 557056K
  class space    used 13773K, committed 14336K, reserved 425984K
}
Event: 53.096 GC heap after
{Heap after GC invocations=49 (full 0):
 garbage-first heap   total 286720K, used 162816K [0x0000000080000000, 0x0000000100000000)
  region size 1024K, 10 young (10240K), 10 survivors (10240K)
 Metaspace       used 98388K, committed 99584K, reserved 557056K
  class space    used 13773K, committed 14336K, reserved 425984K
}
Event: 54.751 GC heap before
{Heap before GC invocations=49 (full 0):
 garbage-first heap   total 286720K, used 229376K [0x0000000080000000, 0x0000000100000000)
  region size 1024K, 75 young (76800K), 10 survivors (10240K)
 Metaspace       used 98912K, committed 100096K, reserved 557056K
  class space    used 13817K, committed 14400K, reserved 425984K
}
Event: 54.774 GC heap after
{Heap after GC invocations=50 (full 0):
 garbage-first heap   total 286720K, used 170366K [0x0000000080000000, 0x0000000100000000)
  region size 1024K, 7 young (7168K), 7 survivors (7168K)
 Metaspace       used 98912K, committed 100096K, reserved 557056K
  class space    used 13817K, committed 14400K, reserved 425984K
}
Event: 56.241 GC heap before
{Heap before GC invocations=50 (full 0):
 garbage-first heap   total 286720K, used 230782K [0x0000000080000000, 0x0000000100000000)
  region size 1024K, 67 young (68608K), 7 survivors (7168K)
 Metaspace       used 99993K, committed 101184K, reserved 557056K
  class space    used 13984K, committed 14528K, reserved 425984K
}
Event: 56.254 GC heap after
{Heap after GC invocations=51 (full 0):
 garbage-first heap   total 286720K, used 174447K [0x0000000080000000, 0x0000000100000000)
  region size 1024K, 4 young (4096K), 4 survivors (4096K)
 Metaspace       used 99993K, committed 101184K, reserved 557056K
  class space    used 13984K, committed 14528K, reserved 425984K
}

