# JRE version: OpenJDK Runtime Environment Microsoft-8035246 (17.0.8+7) (build 17.0.8+7-LTS)
# Java VM: OpenJDK 64-Bit Server VM Microsoft-8035246 (17.0.8+7-LTS, mixed mode, sharing, tiered, compressed oops, compressed class ptrs, g1 gc, windows-amd64)
GC Precious Log:
 CPUs: 8 total, 8 available
 Memory: 22465M
 Large Page Support: Disabled
 NUMA Support: Disabled
 Compressed Oops: Enabled (32-bit)
 Heap Region Size: 1M
 Heap Min Capacity: 8M
 Heap Initial Capacity: 352M
 Heap Max Capacity: 2G
 Pre-touch: Disabled
 Parallel Workers: 8
 Concurrent Workers: 2
 Concurrent Refinement Workers: 8
 Periodic GC: Disabled
Heap:
 garbage-first heap   total 370688K, used 256663K [0x0000000080000000, 0x0000000100000000)
  region size 1024K, 85 young (87040K), 9 survivors (9216K)
 Metaspace       used 100198K, committed 101184K, reserved 557056K
  class space    used 13960K, committed 14464K, reserved 425984K
GC Heap History (20 events):
Event: 22.774 GC heap before
{Heap before GC invocations=24 (full 0):
 garbage-first heap   total 211968K, used 149891K [0x0000000080000000, 0x0000000100000000)
  region size 1024K, 37 young (37888K), 4 survivors (4096K)
 Metaspace       used 88209K, committed 89088K, reserved 557056K
  class space    used 12423K, committed 12864K, reserved 425984K
}
Event: 22.782 GC heap after
{Heap after GC invocations=25 (full 0):
 garbage-first heap   total 211968K, used 124105K [0x0000000080000000, 0x0000000100000000)
  region size 1024K, 7 young (7168K), 7 survivors (7168K)
 Metaspace       used 88209K, committed 89088K, reserved 557056K
  class space    used 12423K, committed 12864K, reserved 425984K
}
Event: 23.289 GC heap before
{Heap before GC invocations=26 (full 0):
 garbage-first heap   total 224256K, used 169161K [0x0000000080000000, 0x0000000100000000)
  region size 1024K, 49 young (50176K), 7 survivors (7168K)
 Metaspace       used 90055K, committed 90944K, reserved 557056K
  class space    used 12688K, committed 13120K, reserved 425984K
}
Event: 23.296 GC heap after
{Heap after GC invocations=27 (full 0):
 garbage-first heap   total 224256K, used 133704K [0x0000000080000000, 0x0000000100000000)
  region size 1024K, 7 young (7168K), 7 survivors (7168K)
 Metaspace       used 90055K, committed 90944K, reserved 557056K
  class space    used 12688K, committed 13120K, reserved 425984K
}
Event: 23.326 GC heap before
{Heap before GC invocations=27 (full 0):
 garbage-first heap   total 224256K, used 135752K [0x0000000080000000, 0x0000000100000000)
  region size 1024K, 10 young (10240K), 7 survivors (7168K)
 Metaspace       used 90313K, committed 91136K, reserved 557056K
  class space    used 12723K, committed 13120K, reserved 425984K
}
Event: 23.330 GC heap after
{Heap after GC invocations=28 (full 0):
 garbage-first heap   total 224256K, used 134727K [0x0000000080000000, 0x0000000100000000)
  region size 1024K, 1 young (1024K), 1 survivors (1024K)
 Metaspace       used 90313K, committed 91136K, reserved 557056K
  class space    used 12723K, committed 13120K, reserved 425984K
}
Event: 23.947 GC heap before
{Heap before GC invocations=28 (full 0):
 garbage-first heap   total 224256K, used 177735K [0x0000000080000000, 0x0000000100000000)
  region size 1024K, 43 young (44032K), 1 survivors (1024K)
 Metaspace       used 94178K, committed 95040K, reserved 557056K
  class space    used 13250K, committed 13696K, reserved 425984K
}
Event: 23.952 GC heap after
{Heap after GC invocations=29 (full 0):
 garbage-first heap   total 224256K, used 137051K [0x0000000080000000, 0x0000000100000000)
  region size 1024K, 4 young (4096K), 4 survivors (4096K)
 Metaspace       used 94178K, committed 95040K, reserved 557056K
  class space    used 13250K, committed 13696K, reserved 425984K
}
Event: 24.487 GC heap before
{Heap before GC invocations=30 (full 0):
 garbage-first heap   total 244736K, used 180059K [0x0000000080000000, 0x0000000100000000)
  region size 1024K, 46 young (47104K), 4 survivors (4096K)
 Metaspace       used 95698K, committed 96576K, reserved 557056K
  class space    used 13449K, committed 13888K, reserved 425984K
}
Event: 24.494 GC heap after
{Heap after GC invocations=31 (full 0):
 garbage-first heap   total 244736K, used 140941K [0x0000000080000000, 0x0000000100000000)
  region size 1024K, 6 young (6144K), 6 survivors (6144K)
 Metaspace       used 95698K, committed 96576K, reserved 557056K
  class space    used 13449K, committed 13888K, reserved 425984K
}
Event: 24.551 GC heap before
{Heap before GC invocations=31 (full 0):
 garbage-first heap   total 244736K, used 146061K [0x0000000080000000, 0x0000000100000000)
  region size 1024K, 11 young (11264K), 6 survivors (6144K)
 Metaspace       used 95744K, committed 96640K, reserved 557056K
  class space    used 13450K, committed 13888K, reserved 425984K
}
Event: 24.556 GC heap after
{Heap after GC invocations=32 (full 0):
 garbage-first heap   total 244736K, used 141242K [0x0000000080000000, 0x0000000100000000)
  region size 1024K, 1 young (1024K), 1 survivors (1024K)
 Metaspace       used 95744K, committed 96640K, reserved 557056K
  class space    used 13450K, committed 13888K, reserved 425984K
}
Event: 25.076 GC heap before
{Heap before GC invocations=32 (full 0):
 garbage-first heap   total 244736K, used 192442K [0x0000000080000000, 0x0000000100000000)
  region size 1024K, 52 young (53248K), 1 survivors (1024K)
 Metaspace       used 96849K, committed 97728K, reserved 557056K
  class space    used 13654K, committed 14080K, reserved 425984K
}
Event: 25.083 GC heap after
{Heap after GC invocations=33 (full 0):
 garbage-first heap   total 370688K, used 145971K [0x0000000080000000, 0x0000000100000000)
  region size 1024K, 6 young (6144K), 6 survivors (6144K)
 Metaspace       used 96849K, committed 97728K, reserved 557056K
  class space    used 13654K, committed 14080K, reserved 425984K
}
Event: 26.096 GC heap before
{Heap before GC invocations=33 (full 0):
 garbage-first heap   total 370688K, used 262707K [0x0000000080000000, 0x0000000100000000)
  region size 1024K, 121 young (123904K), 6 survivors (6144K)
 Metaspace       used 97617K, committed 98496K, reserved 557056K
  class space    used 13719K, committed 14144K, reserved 425984K
}
Event: 26.107 GC heap after
{Heap after GC invocations=34 (full 0):
 garbage-first heap   total 370688K, used 153917K [0x0000000080000000, 0x0000000100000000)
  region size 1024K, 14 young (14336K), 14 survivors (14336K)
 Metaspace       used 97617K, committed 98496K, reserved 557056K
  class space    used 13719K, committed 14144K, reserved 425984K
}
Event: 27.045 GC heap before
{Heap before GC invocations=34 (full 0):
 garbage-first heap   total 370688K, used 296253K [0x0000000080000000, 0x0000000100000000)
  region size 1024K, 130 young (133120K), 14 survivors (14336K)
 Metaspace       used 97894K, committed 98816K, reserved 557056K
  class space    used 13735K, committed 14208K, reserved 425984K
}
Event: 27.059 GC heap after
{Heap after GC invocations=35 (full 0):
 garbage-first heap   total 370688K, used 163115K [0x0000000080000000, 0x0000000100000000)
  region size 1024K, 17 young (17408K), 17 survivors (17408K)
 Metaspace       used 97894K, committed 98816K, reserved 557056K
  class space    used 13735K, committed 14208K, reserved 425984K
}
Event: 27.983 GC heap before
{Heap before GC invocations=35 (full 0):
 garbage-first heap   total 370688K, used 292139K [0x0000000080000000, 0x0000000100000000)
  region size 1024K, 132 young (135168K), 17 survivors (17408K)
 Metaspace       used 98265K, committed 99200K, reserved 557056K
  class space    used 13783K, committed 14272K, reserved 425984K
}
Event: 27.997 GC heap after
{Heap after GC invocations=36 (full 0):
 garbage-first heap   total 370688K, used 171671K [0x0000000080000000, 0x0000000100000000)
  region size 1024K, 9 young (9216K), 9 survivors (9216K)
 Metaspace       used 98265K, committed 99200K, reserved 557056K
  class space    used 13783K, committed 14272K, reserved 425984K
}

